[12:30:41:246] [INFO] [main] - [AbstractTestContextBootstrapper.java : 182] - Using TestExecutionListeners: [org.springframework.test.context.web.ServletTestExecutionListener@3c407114, org.springframework.test.context.support.DependencyInjectionTestExecutionListener@35ef1869, org.springframework.test.context.support.DirtiesContextTestExecutionListener@c33b74f]
[12:30:41:518] [INFO] [main] - [XmlBeanDefinitionReader.java : 317] - Loading XML bean definitions from URL [file:/Users/lukun/CodeFactory/Life/sms/target/classes/applicationContext.xml]
[12:30:42:227] [INFO] [main] - [XmlBeanDefinitionReader.java : 317] - Loading XML bean definitions from URL [file:/Users/lukun/CodeFactory/Life/sms/target/classes/sms-servlet.xml]
[12:30:42:417] [INFO] [main] - [AbstractApplicationContext.java : 510] - Refreshing org.springframework.context.support.GenericApplicationContext@131774fe: startup date [Sat Jun 02 12:30:42 CST 2018]; root of context hierarchy
[12:30:42:809] [INFO] [main] - [PropertiesLoaderSupport.java : 172] - Loading properties file from class path resource [system.properties]
[12:30:42:810] [INFO] [main] - [PropertiesLoaderSupport.java : 172] - Loading properties file from class path resource [jdbc.properties]
[12:30:42:971] [WARN] [main] - [AbstractApplicationContext.java : 487] - Exception encountered during context initialization - cancelling refresh attempt
org.springframework.beans.factory.BeanCreationException: Error creating bean with name 'captchaBiz': Injection of autowired dependencies failed; nested exception is org.springframework.beans.factory.BeanCreationException: Could not autowire field: com.company.core.biz.JedisBiz com.company.core.biz.CaptchaBiz.jedisBiz; nested exception is org.springframework.beans.factory.CannotLoadBeanClassException: Cannot find class [com.alibaba.druid.pool.DruidDataSource] for bean with name 'dataSource' defined in URL [file:/Users/lukun/CodeFactory/Life/sms/target/classes/applicationContext.xml]; nested exception is java.lang.ClassNotFoundException: com.alibaba.druid.pool.DruidDataSource
	at org.springframework.beans.factory.annotation.AutowiredAnnotationBeanPostProcessor.postProcessPropertyValues(AutowiredAnnotationBeanPostProcessor.java:334) ~[spring-beans-4.1.6.RELEASE.jar:4.1.6.RELEASE]
	at org.springframework.beans.factory.support.AbstractAutowireCapableBeanFactory.populateBean(AbstractAutowireCapableBeanFactory.java:1210) ~[spring-beans-4.1.6.RELEASE.jar:4.1.6.RELEASE]
	at org.springframework.beans.factory.support.AbstractAutowireCapableBeanFactory.doCreateBean(AbstractAutowireCapableBeanFactory.java:537) ~[spring-beans-4.1.6.RELEASE.jar:4.1.6.RELEASE]
	at org.springframework.beans.factory.support.AbstractAutowireCapableBeanFactory.createBean(AbstractAutowireCapableBeanFactory.java:476) ~[spring-beans-4.1.6.RELEASE.jar:4.1.6.RELEASE]
	at org.springframework.beans.factory.support.AbstractBeanFactory$1.getObject(AbstractBeanFactory.java:303) ~[spring-beans-4.1.6.RELEASE.jar:4.1.6.RELEASE]
	at org.springframework.beans.factory.support.DefaultSingletonBeanRegistry.getSingleton(DefaultSingletonBeanRegistry.java:230) ~[spring-beans-4.1.6.RELEASE.jar:4.1.6.RELEASE]
	at org.springframework.beans.factory.support.AbstractBeanFactory.doGetBean(AbstractBeanFactory.java:299) ~[spring-beans-4.1.6.RELEASE.jar:4.1.6.RELEASE]
	at org.springframework.beans.factory.support.AbstractBeanFactory.getBean(AbstractBeanFactory.java:194) ~[spring-beans-4.1.6.RELEASE.jar:4.1.6.RELEASE]
	at org.springframework.beans.factory.support.DefaultListableBeanFactory.preInstantiateSingletons(DefaultListableBeanFactory.java:755) ~[spring-beans-4.1.6.RELEASE.jar:4.1.6.RELEASE]
	at org.springframework.context.support.AbstractApplicationContext.finishBeanFactoryInitialization(AbstractApplicationContext.java:757) ~[spring-context-4.1.6.RELEASE.jar:4.1.6.RELEASE]
	at org.springframework.context.support.AbstractApplicationContext.refresh(AbstractApplicationContext.java:480) ~[spring-context-4.1.6.RELEASE.jar:4.1.6.RELEASE]
	at org.springframework.test.context.support.AbstractGenericContextLoader.loadContext(AbstractGenericContextLoader.java:125) ~[spring-test-4.1.6.RELEASE.jar:4.1.6.RELEASE]
	at org.springframework.test.context.support.AbstractGenericContextLoader.loadContext(AbstractGenericContextLoader.java:60) ~[spring-test-4.1.6.RELEASE.jar:4.1.6.RELEASE]
	at org.springframework.test.context.support.AbstractDelegatingSmartContextLoader.delegateLoading(AbstractDelegatingSmartContextLoader.java:109) ~[spring-test-4.1.6.RELEASE.jar:4.1.6.RELEASE]
	at org.springframework.test.context.support.AbstractDelegatingSmartContextLoader.loadContext(AbstractDelegatingSmartContextLoader.java:261) ~[spring-test-4.1.6.RELEASE.jar:4.1.6.RELEASE]
	at org.springframework.test.context.DefaultCacheAwareContextLoaderDelegate.loadContextInternal(DefaultCacheAwareContextLoaderDelegate.java:68) ~[spring-test-4.1.6.RELEASE.jar:4.1.6.RELEASE]
	at org.springframework.test.context.DefaultCacheAwareContextLoaderDelegate.loadContext(DefaultCacheAwareContextLoaderDelegate.java:86) ~[spring-test-4.1.6.RELEASE.jar:4.1.6.RELEASE]
	at org.springframework.test.context.DefaultTestContext.getApplicationContext(DefaultTestContext.java:72) ~[spring-test-4.1.6.RELEASE.jar:4.1.6.RELEASE]
	at org.springframework.test.context.support.DependencyInjectionTestExecutionListener.injectDependencies(DependencyInjectionTestExecutionListener.java:117) ~[spring-test-4.1.6.RELEASE.jar:4.1.6.RELEASE]
	at org.springframework.test.context.support.DependencyInjectionTestExecutionListener.prepareTestInstance(DependencyInjectionTestExecutionListener.java:83) ~[spring-test-4.1.6.RELEASE.jar:4.1.6.RELEASE]
	at org.springframework.test.context.TestContextManager.prepareTestInstance(TestContextManager.java:212) ~[spring-test-4.1.6.RELEASE.jar:4.1.6.RELEASE]
	at org.springframework.test.context.junit4.SpringJUnit4ClassRunner.createTest(SpringJUnit4ClassRunner.java:200) ~[spring-test-4.1.6.RELEASE.jar:4.1.6.RELEASE]
	at org.springframework.test.context.junit4.SpringJUnit4ClassRunner$1.runReflectiveCall(SpringJUnit4ClassRunner.java:259) ~[spring-test-4.1.6.RELEASE.jar:4.1.6.RELEASE]
	at org.junit.internal.runners.model.ReflectiveCallable.run(ReflectiveCallable.java:12) ~[junit-4.12.jar:4.12]
	at org.springframework.test.context.junit4.SpringJUnit4ClassRunner.methodBlock(SpringJUnit4ClassRunner.java:261) ~[spring-test-4.1.6.RELEASE.jar:4.1.6.RELEASE]
	at org.springframework.test.context.junit4.SpringJUnit4ClassRunner.runChild(SpringJUnit4ClassRunner.java:219) ~[spring-test-4.1.6.RELEASE.jar:4.1.6.RELEASE]
	at org.springframework.test.context.junit4.SpringJUnit4ClassRunner.runChild(SpringJUnit4ClassRunner.java:83) ~[spring-test-4.1.6.RELEASE.jar:4.1.6.RELEASE]
	at org.junit.runners.ParentRunner$3.run(ParentRunner.java:290) ~[junit-4.12.jar:4.12]
	at org.junit.runners.ParentRunner$1.schedule(ParentRunner.java:71) ~[junit-4.12.jar:4.12]
	at org.junit.runners.ParentRunner.runChildren(ParentRunner.java:288) ~[junit-4.12.jar:4.12]
	at org.junit.runners.ParentRunner.access$000(ParentRunner.java:58) ~[junit-4.12.jar:4.12]
	at org.junit.runners.ParentRunner$2.evaluate(ParentRunner.java:268) ~[junit-4.12.jar:4.12]
	at org.springframework.test.context.junit4.statements.RunBeforeTestClassCallbacks.evaluate(RunBeforeTestClassCallbacks.java:61) ~[spring-test-4.1.6.RELEASE.jar:4.1.6.RELEASE]
	at org.springframework.test.context.junit4.statements.RunAfterTestClassCallbacks.evaluate(RunAfterTestClassCallbacks.java:68) ~[spring-test-4.1.6.RELEASE.jar:4.1.6.RELEASE]
	at org.junit.runners.ParentRunner.run(ParentRunner.java:363) ~[junit-4.12.jar:4.12]
	at org.springframework.test.context.junit4.SpringJUnit4ClassRunner.run(SpringJUnit4ClassRunner.java:163) ~[spring-test-4.1.6.RELEASE.jar:4.1.6.RELEASE]
	at org.junit.runner.JUnitCore.run(JUnitCore.java:137) ~[junit-4.12.jar:4.12]
	at com.intellij.junit4.JUnit4IdeaTestRunner.startRunnerWithArgs(JUnit4IdeaTestRunner.java:68) ~[junit-rt.jar:?]
	at com.intellij.rt.execution.junit.IdeaTestRunner$Repeater.startRunnerWithArgs(IdeaTestRunner.java:47) ~[junit-rt.jar:?]
	at com.intellij.rt.execution.junit.JUnitStarter.prepareStreamsAndStart(JUnitStarter.java:242) ~[junit-rt.jar:?]
	at com.intellij.rt.execution.junit.JUnitStarter.main(JUnitStarter.java:70) ~[junit-rt.jar:?]
Caused by: org.springframework.beans.factory.BeanCreationException: Could not autowire field: com.company.core.biz.JedisBiz com.company.core.biz.CaptchaBiz.jedisBiz; nested exception is org.springframework.beans.factory.CannotLoadBeanClassException: Cannot find class [com.alibaba.druid.pool.DruidDataSource] for bean with name 'dataSource' defined in URL [file:/Users/lukun/CodeFactory/Life/sms/target/classes/applicationContext.xml]; nested exception is java.lang.ClassNotFoundException: com.alibaba.druid.pool.DruidDataSource
	at org.springframework.beans.factory.annotation.AutowiredAnnotationBeanPostProcessor$AutowiredFieldElement.inject(AutowiredAnnotationBeanPostProcessor.java:561) ~[spring-beans-4.1.6.RELEASE.jar:4.1.6.RELEASE]
	at org.springframework.beans.factory.annotation.InjectionMetadata.inject(InjectionMetadata.java:88) ~[spring-beans-4.1.6.RELEASE.jar:4.1.6.RELEASE]
	at org.springframework.beans.factory.annotation.AutowiredAnnotationBeanPostProcessor.postProcessPropertyValues(AutowiredAnnotationBeanPostProcessor.java:331) ~[spring-beans-4.1.6.RELEASE.jar:4.1.6.RELEASE]
	... 40 more
Caused by: org.springframework.beans.factory.CannotLoadBeanClassException: Cannot find class [com.alibaba.druid.pool.DruidDataSource] for bean with name 'dataSource' defined in URL [file:/Users/lukun/CodeFactory/Life/sms/target/classes/applicationContext.xml]; nested exception is java.lang.ClassNotFoundException: com.alibaba.druid.pool.DruidDataSource
	at org.springframework.beans.factory.support.AbstractBeanFactory.resolveBeanClass(AbstractBeanFactory.java:1328) ~[spring-beans-4.1.6.RELEASE.jar:4.1.6.RELEASE]
	at org.springframework.beans.factory.support.AbstractAutowireCapableBeanFactory.determineTargetType(AbstractAutowireCapableBeanFactory.java:622) ~[spring-beans-4.1.6.RELEASE.jar:4.1.6.RELEASE]
	at org.springframework.beans.factory.support.AbstractAutowireCapableBeanFactory.predictBeanType(AbstractAutowireCapableBeanFactory.java:591) ~[spring-beans-4.1.6.RELEASE.jar:4.1.6.RELEASE]
	at org.springframework.beans.factory.support.AbstractBeanFactory.isFactoryBean(AbstractBeanFactory.java:1397) ~[spring-beans-4.1.6.RELEASE.jar:4.1.6.RELEASE]
	at org.springframework.beans.factory.support.DefaultListableBeanFactory.doGetBeanNamesForType(DefaultListableBeanFactory.java:434) ~[spring-beans-4.1.6.RELEASE.jar:4.1.6.RELEASE]
	at org.springframework.beans.factory.support.DefaultListableBeanFactory.getBeanNamesForType(DefaultListableBeanFactory.java:412) ~[spring-beans-4.1.6.RELEASE.jar:4.1.6.RELEASE]
	at org.springframework.beans.factory.BeanFactoryUtils.beanNamesForTypeIncludingAncestors(BeanFactoryUtils.java:186) ~[spring-beans-4.1.6.RELEASE.jar:4.1.6.RELEASE]
	at org.springframework.beans.factory.support.DefaultListableBeanFactory.findAutowireCandidates(DefaultListableBeanFactory.java:1105) ~[spring-beans-4.1.6.RELEASE.jar:4.1.6.RELEASE]
	at org.springframework.beans.factory.support.DefaultListableBeanFactory.doResolveDependency(DefaultListableBeanFactory.java:1044) ~[spring-beans-4.1.6.RELEASE.jar:4.1.6.RELEASE]
	at org.springframework.beans.factory.support.DefaultListableBeanFactory.resolveDependency(DefaultListableBeanFactory.java:942) ~[spring-beans-4.1.6.RELEASE.jar:4.1.6.RELEASE]
	at org.springframework.beans.factory.annotation.AutowiredAnnotationBeanPostProcessor$AutowiredFieldElement.inject(AutowiredAnnotationBeanPostProcessor.java:533) ~[spring-beans-4.1.6.RELEASE.jar:4.1.6.RELEASE]
	at org.springframework.beans.factory.annotation.InjectionMetadata.inject(InjectionMetadata.java:88) ~[spring-beans-4.1.6.RELEASE.jar:4.1.6.RELEASE]
	at org.springframework.beans.factory.annotation.AutowiredAnnotationBeanPostProcessor.postProcessPropertyValues(AutowiredAnnotationBeanPostProcessor.java:331) ~[spring-beans-4.1.6.RELEASE.jar:4.1.6.RELEASE]
	... 40 more
Caused by: java.lang.ClassNotFoundException: com.alibaba.druid.pool.DruidDataSource
	at java.net.URLClassLoader.findClass(URLClassLoader.java:381) ~[?:1.8.0_40]
	at java.lang.ClassLoader.loadClass(ClassLoader.java:424) ~[?:1.8.0_40]
	at sun.misc.Launcher$AppClassLoader.loadClass(Launcher.java:331) ~[?:1.8.0_40]
	at java.lang.ClassLoader.loadClass(ClassLoader.java:357) ~[?:1.8.0_40]
	at org.springframework.util.ClassUtils.forName(ClassUtils.java:249) ~[spring-core-4.1.6.RELEASE.jar:4.1.6.RELEASE]
	at org.springframework.beans.factory.support.AbstractBeanDefinition.resolveBeanClass(AbstractBeanDefinition.java:395) ~[spring-beans-4.1.6.RELEASE.jar:4.1.6.RELEASE]
	at org.springframework.beans.factory.support.AbstractBeanFactory.doResolveBeanClass(AbstractBeanFactory.java:1349) ~[spring-beans-4.1.6.RELEASE.jar:4.1.6.RELEASE]
	at org.springframework.beans.factory.support.AbstractBeanFactory.resolveBeanClass(AbstractBeanFactory.java:1320) ~[spring-beans-4.1.6.RELEASE.jar:4.1.6.RELEASE]
	at org.springframework.beans.factory.support.AbstractAutowireCapableBeanFactory.determineTargetType(AbstractAutowireCapableBeanFactory.java:622) ~[spring-beans-4.1.6.RELEASE.jar:4.1.6.RELEASE]
	at org.springframework.beans.factory.support.AbstractAutowireCapableBeanFactory.predictBeanType(AbstractAutowireCapableBeanFactory.java:591) ~[spring-beans-4.1.6.RELEASE.jar:4.1.6.RELEASE]
	at org.springframework.beans.factory.support.AbstractBeanFactory.isFactoryBean(AbstractBeanFactory.java:1397) ~[spring-beans-4.1.6.RELEASE.jar:4.1.6.RELEASE]
	at org.springframework.beans.factory.support.DefaultListableBeanFactory.doGetBeanNamesForType(DefaultListableBeanFactory.java:434) ~[spring-beans-4.1.6.RELEASE.jar:4.1.6.RELEASE]
	at org.springframework.beans.factory.support.DefaultListableBeanFactory.getBeanNamesForType(DefaultListableBeanFactory.java:412) ~[spring-beans-4.1.6.RELEASE.jar:4.1.6.RELEASE]
	at org.springframework.beans.factory.BeanFactoryUtils.beanNamesForTypeIncludingAncestors(BeanFactoryUtils.java:186) ~[spring-beans-4.1.6.RELEASE.jar:4.1.6.RELEASE]
	at org.springframework.beans.factory.support.DefaultListableBeanFactory.findAutowireCandidates(DefaultListableBeanFactory.java:1105) ~[spring-beans-4.1.6.RELEASE.jar:4.1.6.RELEASE]
	at org.springframework.beans.factory.support.DefaultListableBeanFactory.doResolveDependency(DefaultListableBeanFactory.java:1044) ~[spring-beans-4.1.6.RELEASE.jar:4.1.6.RELEASE]
	at org.springframework.beans.factory.support.DefaultListableBeanFactory.resolveDependency(DefaultListableBeanFactory.java:942) ~[spring-beans-4.1.6.RELEASE.jar:4.1.6.RELEASE]
	at org.springframework.beans.factory.annotation.AutowiredAnnotationBeanPostProcessor$AutowiredFieldElement.inject(AutowiredAnnotationBeanPostProcessor.java:533) ~[spring-beans-4.1.6.RELEASE.jar:4.1.6.RELEASE]
	at org.springframework.beans.factory.annotation.InjectionMetadata.inject(InjectionMetadata.java:88) ~[spring-beans-4.1.6.RELEASE.jar:4.1.6.RELEASE]
	at org.springframework.beans.factory.annotation.AutowiredAnnotationBeanPostProcessor.postProcessPropertyValues(AutowiredAnnotationBeanPostProcessor.java:331) ~[spring-beans-4.1.6.RELEASE.jar:4.1.6.RELEASE]
	... 40 more
[12:30:42:972] [ERROR] [main] - [TestContextManager.java : 215] - Caught exception while allowing TestExecutionListener [org.springframework.test.context.support.DependencyInjectionTestExecutionListener@35ef1869] to prepare test instance [com.company.core.util.SequenceMapperTest@67b9b51a]
java.lang.IllegalStateException: Failed to load ApplicationContext
	at org.springframework.test.context.DefaultCacheAwareContextLoaderDelegate.loadContext(DefaultCacheAwareContextLoaderDelegate.java:94) ~[spring-test-4.1.6.RELEASE.jar:4.1.6.RELEASE]
	at org.springframework.test.context.DefaultTestContext.getApplicationContext(DefaultTestContext.java:72) ~[spring-test-4.1.6.RELEASE.jar:4.1.6.RELEASE]
	at org.springframework.test.context.support.DependencyInjectionTestExecutionListener.injectDependencies(DependencyInjectionTestExecutionListener.java:117) ~[spring-test-4.1.6.RELEASE.jar:4.1.6.RELEASE]
	at org.springframework.test.context.support.DependencyInjectionTestExecutionListener.prepareTestInstance(DependencyInjectionTestExecutionListener.java:83) ~[spring-test-4.1.6.RELEASE.jar:4.1.6.RELEASE]
	at org.springframework.test.context.TestContextManager.prepareTestInstance(TestContextManager.java:212) ~[spring-test-4.1.6.RELEASE.jar:4.1.6.RELEASE]
	at org.springframework.test.context.junit4.SpringJUnit4ClassRunner.createTest(SpringJUnit4ClassRunner.java:200) ~[spring-test-4.1.6.RELEASE.jar:4.1.6.RELEASE]
	at org.springframework.test.context.junit4.SpringJUnit4ClassRunner$1.runReflectiveCall(SpringJUnit4ClassRunner.java:259) ~[spring-test-4.1.6.RELEASE.jar:4.1.6.RELEASE]
	at org.junit.internal.runners.model.ReflectiveCallable.run(ReflectiveCallable.java:12) ~[junit-4.12.jar:4.12]
	at org.springframework.test.context.junit4.SpringJUnit4ClassRunner.methodBlock(SpringJUnit4ClassRunner.java:261) ~[spring-test-4.1.6.RELEASE.jar:4.1.6.RELEASE]
	at org.springframework.test.context.junit4.SpringJUnit4ClassRunner.runChild(SpringJUnit4ClassRunner.java:219) ~[spring-test-4.1.6.RELEASE.jar:4.1.6.RELEASE]
	at org.springframework.test.context.junit4.SpringJUnit4ClassRunner.runChild(SpringJUnit4ClassRunner.java:83) ~[spring-test-4.1.6.RELEASE.jar:4.1.6.RELEASE]
	at org.junit.runners.ParentRunner$3.run(ParentRunner.java:290) ~[junit-4.12.jar:4.12]
	at org.junit.runners.ParentRunner$1.schedule(ParentRunner.java:71) ~[junit-4.12.jar:4.12]
	at org.junit.runners.ParentRunner.runChildren(ParentRunner.java:288) ~[junit-4.12.jar:4.12]
	at org.junit.runners.ParentRunner.access$000(ParentRunner.java:58) ~[junit-4.12.jar:4.12]
	at org.junit.runners.ParentRunner$2.evaluate(ParentRunner.java:268) ~[junit-4.12.jar:4.12]
	at org.springframework.test.context.junit4.statements.RunBeforeTestClassCallbacks.evaluate(RunBeforeTestClassCallbacks.java:61) ~[spring-test-4.1.6.RELEASE.jar:4.1.6.RELEASE]
	at org.springframework.test.context.junit4.statements.RunAfterTestClassCallbacks.evaluate(RunAfterTestClassCallbacks.java:68) ~[spring-test-4.1.6.RELEASE.jar:4.1.6.RELEASE]
	at org.junit.runners.ParentRunner.run(ParentRunner.java:363) ~[junit-4.12.jar:4.12]
	at org.springframework.test.context.junit4.SpringJUnit4ClassRunner.run(SpringJUnit4ClassRunner.java:163) ~[spring-test-4.1.6.RELEASE.jar:4.1.6.RELEASE]
	at org.junit.runner.JUnitCore.run(JUnitCore.java:137) ~[junit-4.12.jar:4.12]
	at com.intellij.junit4.JUnit4IdeaTestRunner.startRunnerWithArgs(JUnit4IdeaTestRunner.java:68) ~[junit-rt.jar:?]
	at com.intellij.rt.execution.junit.IdeaTestRunner$Repeater.startRunnerWithArgs(IdeaTestRunner.java:47) ~[junit-rt.jar:?]
	at com.intellij.rt.execution.junit.JUnitStarter.prepareStreamsAndStart(JUnitStarter.java:242) ~[junit-rt.jar:?]
	at com.intellij.rt.execution.junit.JUnitStarter.main(JUnitStarter.java:70) ~[junit-rt.jar:?]
Caused by: org.springframework.beans.factory.BeanCreationException: Error creating bean with name 'captchaBiz': Injection of autowired dependencies failed; nested exception is org.springframework.beans.factory.BeanCreationException: Could not autowire field: com.company.core.biz.JedisBiz com.company.core.biz.CaptchaBiz.jedisBiz; nested exception is org.springframework.beans.factory.CannotLoadBeanClassException: Cannot find class [com.alibaba.druid.pool.DruidDataSource] for bean with name 'dataSource' defined in URL [file:/Users/lukun/CodeFactory/Life/sms/target/classes/applicationContext.xml]; nested exception is java.lang.ClassNotFoundException: com.alibaba.druid.pool.DruidDataSource
	at org.springframework.beans.factory.annotation.AutowiredAnnotationBeanPostProcessor.postProcessPropertyValues(AutowiredAnnotationBeanPostProcessor.java:334) ~[spring-beans-4.1.6.RELEASE.jar:4.1.6.RELEASE]
	at org.springframework.beans.factory.support.AbstractAutowireCapableBeanFactory.populateBean(AbstractAutowireCapableBeanFactory.java:1210) ~[spring-beans-4.1.6.RELEASE.jar:4.1.6.RELEASE]
	at org.springframework.beans.factory.support.AbstractAutowireCapableBeanFactory.doCreateBean(AbstractAutowireCapableBeanFactory.java:537) ~[spring-beans-4.1.6.RELEASE.jar:4.1.6.RELEASE]
	at org.springframework.beans.factory.support.AbstractAutowireCapableBeanFactory.createBean(AbstractAutowireCapableBeanFactory.java:476) ~[spring-beans-4.1.6.RELEASE.jar:4.1.6.RELEASE]
	at org.springframework.beans.factory.support.AbstractBeanFactory$1.getObject(AbstractBeanFactory.java:303) ~[spring-beans-4.1.6.RELEASE.jar:4.1.6.RELEASE]
	at org.springframework.beans.factory.support.DefaultSingletonBeanRegistry.getSingleton(DefaultSingletonBeanRegistry.java:230) ~[spring-beans-4.1.6.RELEASE.jar:4.1.6.RELEASE]
	at org.springframework.beans.factory.support.AbstractBeanFactory.doGetBean(AbstractBeanFactory.java:299) ~[spring-beans-4.1.6.RELEASE.jar:4.1.6.RELEASE]
	at org.springframework.beans.factory.support.AbstractBeanFactory.getBean(AbstractBeanFactory.java:194) ~[spring-beans-4.1.6.RELEASE.jar:4.1.6.RELEASE]
	at org.springframework.beans.factory.support.DefaultListableBeanFactory.preInstantiateSingletons(DefaultListableBeanFactory.java:755) ~[spring-beans-4.1.6.RELEASE.jar:4.1.6.RELEASE]
	at org.springframework.context.support.AbstractApplicationContext.finishBeanFactoryInitialization(AbstractApplicationContext.java:757) ~[spring-context-4.1.6.RELEASE.jar:4.1.6.RELEASE]
	at org.springframework.context.support.AbstractApplicationContext.refresh(AbstractApplicationContext.java:480) ~[spring-context-4.1.6.RELEASE.jar:4.1.6.RELEASE]
	at org.springframework.test.context.support.AbstractGenericContextLoader.loadContext(AbstractGenericContextLoader.java:125) ~[spring-test-4.1.6.RELEASE.jar:4.1.6.RELEASE]
	at org.springframework.test.context.support.AbstractGenericContextLoader.loadContext(AbstractGenericContextLoader.java:60) ~[spring-test-4.1.6.RELEASE.jar:4.1.6.RELEASE]
	at org.springframework.test.context.support.AbstractDelegatingSmartContextLoader.delegateLoading(AbstractDelegatingSmartContextLoader.java:109) ~[spring-test-4.1.6.RELEASE.jar:4.1.6.RELEASE]
	at org.springframework.test.context.support.AbstractDelegatingSmartContextLoader.loadContext(AbstractDelegatingSmartContextLoader.java:261) ~[spring-test-4.1.6.RELEASE.jar:4.1.6.RELEASE]
	at org.springframework.test.context.DefaultCacheAwareContextLoaderDelegate.loadContextInternal(DefaultCacheAwareContextLoaderDelegate.java:68) ~[spring-test-4.1.6.RELEASE.jar:4.1.6.RELEASE]
	at org.springframework.test.context.DefaultCacheAwareContextLoaderDelegate.loadContext(DefaultCacheAwareContextLoaderDelegate.java:86) ~[spring-test-4.1.6.RELEASE.jar:4.1.6.RELEASE]
	... 24 more
Caused by: org.springframework.beans.factory.BeanCreationException: Could not autowire field: com.company.core.biz.JedisBiz com.company.core.biz.CaptchaBiz.jedisBiz; nested exception is org.springframework.beans.factory.CannotLoadBeanClassException: Cannot find class [com.alibaba.druid.pool.DruidDataSource] for bean with name 'dataSource' defined in URL [file:/Users/lukun/CodeFactory/Life/sms/target/classes/applicationContext.xml]; nested exception is java.lang.ClassNotFoundException: com.alibaba.druid.pool.DruidDataSource
	at org.springframework.beans.factory.annotation.AutowiredAnnotationBeanPostProcessor$AutowiredFieldElement.inject(AutowiredAnnotationBeanPostProcessor.java:561) ~[spring-beans-4.1.6.RELEASE.jar:4.1.6.RELEASE]
	at org.springframework.beans.factory.annotation.InjectionMetadata.inject(InjectionMetadata.java:88) ~[spring-beans-4.1.6.RELEASE.jar:4.1.6.RELEASE]
	at org.springframework.beans.factory.annotation.AutowiredAnnotationBeanPostProcessor.postProcessPropertyValues(AutowiredAnnotationBeanPostProcessor.java:331) ~[spring-beans-4.1.6.RELEASE.jar:4.1.6.RELEASE]
	at org.springframework.beans.factory.support.AbstractAutowireCapableBeanFactory.populateBean(AbstractAutowireCapableBeanFactory.java:1210) ~[spring-beans-4.1.6.RELEASE.jar:4.1.6.RELEASE]
	at org.springframework.beans.factory.support.AbstractAutowireCapableBeanFactory.doCreateBean(AbstractAutowireCapableBeanFactory.java:537) ~[spring-beans-4.1.6.RELEASE.jar:4.1.6.RELEASE]
	at org.springframework.beans.factory.support.AbstractAutowireCapableBeanFactory.createBean(AbstractAutowireCapableBeanFactory.java:476) ~[spring-beans-4.1.6.RELEASE.jar:4.1.6.RELEASE]
	at org.springframework.beans.factory.support.AbstractBeanFactory$1.getObject(AbstractBeanFactory.java:303) ~[spring-beans-4.1.6.RELEASE.jar:4.1.6.RELEASE]
	at org.springframework.beans.factory.support.DefaultSingletonBeanRegistry.getSingleton(DefaultSingletonBeanRegistry.java:230) ~[spring-beans-4.1.6.RELEASE.jar:4.1.6.RELEASE]
	at org.springframework.beans.factory.support.AbstractBeanFactory.doGetBean(AbstractBeanFactory.java:299) ~[spring-beans-4.1.6.RELEASE.jar:4.1.6.RELEASE]
	at org.springframework.beans.factory.support.AbstractBeanFactory.getBean(AbstractBeanFactory.java:194) ~[spring-beans-4.1.6.RELEASE.jar:4.1.6.RELEASE]
	at org.springframework.beans.factory.support.DefaultListableBeanFactory.preInstantiateSingletons(DefaultListableBeanFactory.java:755) ~[spring-beans-4.1.6.RELEASE.jar:4.1.6.RELEASE]
	at org.springframework.context.support.AbstractApplicationContext.finishBeanFactoryInitialization(AbstractApplicationContext.java:757) ~[spring-context-4.1.6.RELEASE.jar:4.1.6.RELEASE]
	at org.springframework.context.support.AbstractApplicationContext.refresh(AbstractApplicationContext.java:480) ~[spring-context-4.1.6.RELEASE.jar:4.1.6.RELEASE]
	at org.springframework.test.context.support.AbstractGenericContextLoader.loadContext(AbstractGenericContextLoader.java:125) ~[spring-test-4.1.6.RELEASE.jar:4.1.6.RELEASE]
	at org.springframework.test.context.support.AbstractGenericContextLoader.loadContext(AbstractGenericContextLoader.java:60) ~[spring-test-4.1.6.RELEASE.jar:4.1.6.RELEASE]
	at org.springframework.test.context.support.AbstractDelegatingSmartContextLoader.delegateLoading(AbstractDelegatingSmartContextLoader.java:109) ~[spring-test-4.1.6.RELEASE.jar:4.1.6.RELEASE]
	at org.springframework.test.context.support.AbstractDelegatingSmartContextLoader.loadContext(AbstractDelegatingSmartContextLoader.java:261) ~[spring-test-4.1.6.RELEASE.jar:4.1.6.RELEASE]
	at org.springframework.test.context.DefaultCacheAwareContextLoaderDelegate.loadContextInternal(DefaultCacheAwareContextLoaderDelegate.java:68) ~[spring-test-4.1.6.RELEASE.jar:4.1.6.RELEASE]
	at org.springframework.test.context.DefaultCacheAwareContextLoaderDelegate.loadContext(DefaultCacheAwareContextLoaderDelegate.java:86) ~[spring-test-4.1.6.RELEASE.jar:4.1.6.RELEASE]
	... 24 more
Caused by: org.springframework.beans.factory.CannotLoadBeanClassException: Cannot find class [com.alibaba.druid.pool.DruidDataSource] for bean with name 'dataSource' defined in URL [file:/Users/lukun/CodeFactory/Life/sms/target/classes/applicationContext.xml]; nested exception is java.lang.ClassNotFoundException: com.alibaba.druid.pool.DruidDataSource
	at org.springframework.beans.factory.support.AbstractBeanFactory.resolveBeanClass(AbstractBeanFactory.java:1328) ~[spring-beans-4.1.6.RELEASE.jar:4.1.6.RELEASE]
	at org.springframework.beans.factory.support.AbstractAutowireCapableBeanFactory.determineTargetType(AbstractAutowireCapableBeanFactory.java:622) ~[spring-beans-4.1.6.RELEASE.jar:4.1.6.RELEASE]
	at org.springframework.beans.factory.support.AbstractAutowireCapableBeanFactory.predictBeanType(AbstractAutowireCapableBeanFactory.java:591) ~[spring-beans-4.1.6.RELEASE.jar:4.1.6.RELEASE]
	at org.springframework.beans.factory.support.AbstractBeanFactory.isFactoryBean(AbstractBeanFactory.java:1397) ~[spring-beans-4.1.6.RELEASE.jar:4.1.6.RELEASE]
	at org.springframework.beans.factory.support.DefaultListableBeanFactory.doGetBeanNamesForType(DefaultListableBeanFactory.java:434) ~[spring-beans-4.1.6.RELEASE.jar:4.1.6.RELEASE]
	at org.springframework.beans.factory.support.DefaultListableBeanFactory.getBeanNamesForType(DefaultListableBeanFactory.java:412) ~[spring-beans-4.1.6.RELEASE.jar:4.1.6.RELEASE]
	at org.springframework.beans.factory.BeanFactoryUtils.beanNamesForTypeIncludingAncestors(BeanFactoryUtils.java:186) ~[spring-beans-4.1.6.RELEASE.jar:4.1.6.RELEASE]
	at org.springframework.beans.factory.support.DefaultListableBeanFactory.findAutowireCandidates(DefaultListableBeanFactory.java:1105) ~[spring-beans-4.1.6.RELEASE.jar:4.1.6.RELEASE]
	at org.springframework.beans.factory.support.DefaultListableBeanFactory.doResolveDependency(DefaultListableBeanFactory.java:1044) ~[spring-beans-4.1.6.RELEASE.jar:4.1.6.RELEASE]
	at org.springframework.beans.factory.support.DefaultListableBeanFactory.resolveDependency(DefaultListableBeanFactory.java:942) ~[spring-beans-4.1.6.RELEASE.jar:4.1.6.RELEASE]
	at org.springframework.beans.factory.annotation.AutowiredAnnotationBeanPostProcessor$AutowiredFieldElement.inject(AutowiredAnnotationBeanPostProcessor.java:533) ~[spring-beans-4.1.6.RELEASE.jar:4.1.6.RELEASE]
	at org.springframework.beans.factory.annotation.InjectionMetadata.inject(InjectionMetadata.java:88) ~[spring-beans-4.1.6.RELEASE.jar:4.1.6.RELEASE]
	at org.springframework.beans.factory.annotation.AutowiredAnnotationBeanPostProcessor.postProcessPropertyValues(AutowiredAnnotationBeanPostProcessor.java:331) ~[spring-beans-4.1.6.RELEASE.jar:4.1.6.RELEASE]
	at org.springframework.beans.factory.support.AbstractAutowireCapableBeanFactory.populateBean(AbstractAutowireCapableBeanFactory.java:1210) ~[spring-beans-4.1.6.RELEASE.jar:4.1.6.RELEASE]
	at org.springframework.beans.factory.support.AbstractAutowireCapableBeanFactory.doCreateBean(AbstractAutowireCapableBeanFactory.java:537) ~[spring-beans-4.1.6.RELEASE.jar:4.1.6.RELEASE]
	at org.springframework.beans.factory.support.AbstractAutowireCapableBeanFactory.createBean(AbstractAutowireCapableBeanFactory.java:476) ~[spring-beans-4.1.6.RELEASE.jar:4.1.6.RELEASE]
	at org.springframework.beans.factory.support.AbstractBeanFactory$1.getObject(AbstractBeanFactory.java:303) ~[spring-beans-4.1.6.RELEASE.jar:4.1.6.RELEASE]
	at org.springframework.beans.factory.support.DefaultSingletonBeanRegistry.getSingleton(DefaultSingletonBeanRegistry.java:230) ~[spring-beans-4.1.6.RELEASE.jar:4.1.6.RELEASE]
	at org.springframework.beans.factory.support.AbstractBeanFactory.doGetBean(AbstractBeanFactory.java:299) ~[spring-beans-4.1.6.RELEASE.jar:4.1.6.RELEASE]
	at org.springframework.beans.factory.support.AbstractBeanFactory.getBean(AbstractBeanFactory.java:194) ~[spring-beans-4.1.6.RELEASE.jar:4.1.6.RELEASE]
	at org.springframework.beans.factory.support.DefaultListableBeanFactory.preInstantiateSingletons(DefaultListableBeanFactory.java:755) ~[spring-beans-4.1.6.RELEASE.jar:4.1.6.RELEASE]
	at org.springframework.context.support.AbstractApplicationContext.finishBeanFactoryInitialization(AbstractApplicationContext.java:757) ~[spring-context-4.1.6.RELEASE.jar:4.1.6.RELEASE]
	at org.springframework.context.support.AbstractApplicationContext.refresh(AbstractApplicationContext.java:480) ~[spring-context-4.1.6.RELEASE.jar:4.1.6.RELEASE]
	at org.springframework.test.context.support.AbstractGenericContextLoader.loadContext(AbstractGenericContextLoader.java:125) ~[spring-test-4.1.6.RELEASE.jar:4.1.6.RELEASE]
	at org.springframework.test.context.support.AbstractGenericContextLoader.loadContext(AbstractGenericContextLoader.java:60) ~[spring-test-4.1.6.RELEASE.jar:4.1.6.RELEASE]
	at org.springframework.test.context.support.AbstractDelegatingSmartContextLoader.delegateLoading(AbstractDelegatingSmartContextLoader.java:109) ~[spring-test-4.1.6.RELEASE.jar:4.1.6.RELEASE]
	at org.springframework.test.context.support.AbstractDelegatingSmartContextLoader.loadContext(AbstractDelegatingSmartContextLoader.java:261) ~[spring-test-4.1.6.RELEASE.jar:4.1.6.RELEASE]
	at org.springframework.test.context.DefaultCacheAwareContextLoaderDelegate.loadContextInternal(DefaultCacheAwareContextLoaderDelegate.java:68) ~[spring-test-4.1.6.RELEASE.jar:4.1.6.RELEASE]
	at org.springframework.test.context.DefaultCacheAwareContextLoaderDelegate.loadContext(DefaultCacheAwareContextLoaderDelegate.java:86) ~[spring-test-4.1.6.RELEASE.jar:4.1.6.RELEASE]
	... 24 more
Caused by: java.lang.ClassNotFoundException: com.alibaba.druid.pool.DruidDataSource
	at java.net.URLClassLoader.findClass(URLClassLoader.java:381) ~[?:1.8.0_40]
	at java.lang.ClassLoader.loadClass(ClassLoader.java:424) ~[?:1.8.0_40]
	at sun.misc.Launcher$AppClassLoader.loadClass(Launcher.java:331) ~[?:1.8.0_40]
	at java.lang.ClassLoader.loadClass(ClassLoader.java:357) ~[?:1.8.0_40]
	at org.springframework.util.ClassUtils.forName(ClassUtils.java:249) ~[spring-core-4.1.6.RELEASE.jar:4.1.6.RELEASE]
	at org.springframework.beans.factory.support.AbstractBeanDefinition.resolveBeanClass(AbstractBeanDefinition.java:395) ~[spring-beans-4.1.6.RELEASE.jar:4.1.6.RELEASE]
	at org.springframework.beans.factory.support.AbstractBeanFactory.doResolveBeanClass(AbstractBeanFactory.java:1349) ~[spring-beans-4.1.6.RELEASE.jar:4.1.6.RELEASE]
	at org.springframework.beans.factory.support.AbstractBeanFactory.resolveBeanClass(AbstractBeanFactory.java:1320) ~[spring-beans-4.1.6.RELEASE.jar:4.1.6.RELEASE]
	at org.springframework.beans.factory.support.AbstractAutowireCapableBeanFactory.determineTargetType(AbstractAutowireCapableBeanFactory.java:622) ~[spring-beans-4.1.6.RELEASE.jar:4.1.6.RELEASE]
	at org.springframework.beans.factory.support.AbstractAutowireCapableBeanFactory.predictBeanType(AbstractAutowireCapableBeanFactory.java:591) ~[spring-beans-4.1.6.RELEASE.jar:4.1.6.RELEASE]
	at org.springframework.beans.factory.support.AbstractBeanFactory.isFactoryBean(AbstractBeanFactory.java:1397) ~[spring-beans-4.1.6.RELEASE.jar:4.1.6.RELEASE]
	at org.springframework.beans.factory.support.DefaultListableBeanFactory.doGetBeanNamesForType(DefaultListableBeanFactory.java:434) ~[spring-beans-4.1.6.RELEASE.jar:4.1.6.RELEASE]
	at org.springframework.beans.factory.support.DefaultListableBeanFactory.getBeanNamesForType(DefaultListableBeanFactory.java:412) ~[spring-beans-4.1.6.RELEASE.jar:4.1.6.RELEASE]
	at org.springframework.beans.factory.BeanFactoryUtils.beanNamesForTypeIncludingAncestors(BeanFactoryUtils.java:186) ~[spring-beans-4.1.6.RELEASE.jar:4.1.6.RELEASE]
	at org.springframework.beans.factory.support.DefaultListableBeanFactory.findAutowireCandidates(DefaultListableBeanFactory.java:1105) ~[spring-beans-4.1.6.RELEASE.jar:4.1.6.RELEASE]
	at org.springframework.beans.factory.support.DefaultListableBeanFactory.doResolveDependency(DefaultListableBeanFactory.java:1044) ~[spring-beans-4.1.6.RELEASE.jar:4.1.6.RELEASE]
	at org.springframework.beans.factory.support.DefaultListableBeanFactory.resolveDependency(DefaultListableBeanFactory.java:942) ~[spring-beans-4.1.6.RELEASE.jar:4.1.6.RELEASE]
	at org.springframework.beans.factory.annotation.AutowiredAnnotationBeanPostProcessor$AutowiredFieldElement.inject(AutowiredAnnotationBeanPostProcessor.java:533) ~[spring-beans-4.1.6.RELEASE.jar:4.1.6.RELEASE]
	at org.springframework.beans.factory.annotation.InjectionMetadata.inject(InjectionMetadata.java:88) ~[spring-beans-4.1.6.RELEASE.jar:4.1.6.RELEASE]
	at org.springframework.beans.factory.annotation.AutowiredAnnotationBeanPostProcessor.postProcessPropertyValues(AutowiredAnnotationBeanPostProcessor.java:331) ~[spring-beans-4.1.6.RELEASE.jar:4.1.6.RELEASE]
	at org.springframework.beans.factory.support.AbstractAutowireCapableBeanFactory.populateBean(AbstractAutowireCapableBeanFactory.java:1210) ~[spring-beans-4.1.6.RELEASE.jar:4.1.6.RELEASE]
	at org.springframework.beans.factory.support.AbstractAutowireCapableBeanFactory.doCreateBean(AbstractAutowireCapableBeanFactory.java:537) ~[spring-beans-4.1.6.RELEASE.jar:4.1.6.RELEASE]
	at org.springframework.beans.factory.support.AbstractAutowireCapableBeanFactory.createBean(AbstractAutowireCapableBeanFactory.java:476) ~[spring-beans-4.1.6.RELEASE.jar:4.1.6.RELEASE]
	at org.springframework.beans.factory.support.AbstractBeanFactory$1.getObject(AbstractBeanFactory.java:303) ~[spring-beans-4.1.6.RELEASE.jar:4.1.6.RELEASE]
	at org.springframework.beans.factory.support.DefaultSingletonBeanRegistry.getSingleton(DefaultSingletonBeanRegistry.java:230) ~[spring-beans-4.1.6.RELEASE.jar:4.1.6.RELEASE]
	at org.springframework.beans.factory.support.AbstractBeanFactory.doGetBean(AbstractBeanFactory.java:299) ~[spring-beans-4.1.6.RELEASE.jar:4.1.6.RELEASE]
	at org.springframework.beans.factory.support.AbstractBeanFactory.getBean(AbstractBeanFactory.java:194) ~[spring-beans-4.1.6.RELEASE.jar:4.1.6.RELEASE]
	at org.springframework.beans.factory.support.DefaultListableBeanFactory.preInstantiateSingletons(DefaultListableBeanFactory.java:755) ~[spring-beans-4.1.6.RELEASE.jar:4.1.6.RELEASE]
	at org.springframework.context.support.AbstractApplicationContext.finishBeanFactoryInitialization(AbstractApplicationContext.java:757) ~[spring-context-4.1.6.RELEASE.jar:4.1.6.RELEASE]
	at org.springframework.context.support.AbstractApplicationContext.refresh(AbstractApplicationContext.java:480) ~[spring-context-4.1.6.RELEASE.jar:4.1.6.RELEASE]
	at org.springframework.test.context.support.AbstractGenericContextLoader.loadContext(AbstractGenericContextLoader.java:125) ~[spring-test-4.1.6.RELEASE.jar:4.1.6.RELEASE]
	at org.springframework.test.context.support.AbstractGenericContextLoader.loadContext(AbstractGenericContextLoader.java:60) ~[spring-test-4.1.6.RELEASE.jar:4.1.6.RELEASE]
	at org.springframework.test.context.support.AbstractDelegatingSmartContextLoader.delegateLoading(AbstractDelegatingSmartContextLoader.java:109) ~[spring-test-4.1.6.RELEASE.jar:4.1.6.RELEASE]
	at org.springframework.test.context.support.AbstractDelegatingSmartContextLoader.loadContext(AbstractDelegatingSmartContextLoader.java:261) ~[spring-test-4.1.6.RELEASE.jar:4.1.6.RELEASE]
	at org.springframework.test.context.DefaultCacheAwareContextLoaderDelegate.loadContextInternal(DefaultCacheAwareContextLoaderDelegate.java:68) ~[spring-test-4.1.6.RELEASE.jar:4.1.6.RELEASE]
	at org.springframework.test.context.DefaultCacheAwareContextLoaderDelegate.loadContext(DefaultCacheAwareContextLoaderDelegate.java:86) ~[spring-test-4.1.6.RELEASE.jar:4.1.6.RELEASE]
	... 24 more
[12:33:02:609] [INFO] [main] - [AbstractTestContextBootstrapper.java : 182] - Using TestExecutionListeners: [org.springframework.test.context.web.ServletTestExecutionListener@708f5957, org.springframework.test.context.support.DependencyInjectionTestExecutionListener@68999068, org.springframework.test.context.support.DirtiesContextTestExecutionListener@7722c3c3]
[12:33:02:898] [INFO] [main] - [XmlBeanDefinitionReader.java : 317] - Loading XML bean definitions from URL [file:/Users/lukun/CodeFactory/Life/sms/target/classes/applicationContext.xml]
[12:33:03:510] [INFO] [main] - [XmlBeanDefinitionReader.java : 317] - Loading XML bean definitions from URL [file:/Users/lukun/CodeFactory/Life/sms/target/classes/sms-servlet.xml]
[12:33:03:760] [INFO] [main] - [AbstractApplicationContext.java : 510] - Refreshing org.springframework.context.support.GenericApplicationContext@7f0eb4b4: startup date [Sat Jun 02 12:33:03 CST 2018]; root of context hierarchy
[12:33:04:149] [INFO] [main] - [PropertiesLoaderSupport.java : 172] - Loading properties file from class path resource [system.properties]
[12:33:04:150] [INFO] [main] - [PropertiesLoaderSupport.java : 172] - Loading properties file from class path resource [jdbc.properties]
[12:33:06:087] [INFO] [main] - [AbstractUrlHandlerMapping.java : 314] - Mapped URL path [/resources/**] onto handler 'org.springframework.web.servlet.resource.ResourceHttpRequestHandler#0'
[12:33:06:111] [INFO] [main] - [AbstractUrlHandlerMapping.java : 301] - Root mapping to handler of type [class org.springframework.web.servlet.mvc.ParameterizableViewController]
[12:33:06:163] [INFO] [Thread-3] - [AbstractApplicationContext.java : 862] - Closing org.springframework.context.support.GenericApplicationContext@7f0eb4b4: startup date [Sat Jun 02 12:33:03 CST 2018]; root of context hierarchy
[12:34:13:376] [INFO] [main] - [AbstractTestContextBootstrapper.java : 182] - Using TestExecutionListeners: [org.springframework.test.context.web.ServletTestExecutionListener@708f5957, org.springframework.test.context.support.DependencyInjectionTestExecutionListener@68999068, org.springframework.test.context.support.DirtiesContextTestExecutionListener@7722c3c3]
[12:34:13:717] [INFO] [main] - [XmlBeanDefinitionReader.java : 317] - Loading XML bean definitions from URL [file:/Users/lukun/CodeFactory/Life/sms/target/classes/applicationContext.xml]
[12:34:14:309] [INFO] [main] - [XmlBeanDefinitionReader.java : 317] - Loading XML bean definitions from URL [file:/Users/lukun/CodeFactory/Life/sms/target/classes/sms-servlet.xml]
[12:34:14:569] [INFO] [main] - [AbstractApplicationContext.java : 510] - Refreshing org.springframework.context.support.GenericApplicationContext@7f0eb4b4: startup date [Sat Jun 02 12:34:14 CST 2018]; root of context hierarchy
[12:34:14:987] [INFO] [main] - [PropertiesLoaderSupport.java : 172] - Loading properties file from class path resource [system.properties]
[12:34:14:988] [INFO] [main] - [PropertiesLoaderSupport.java : 172] - Loading properties file from class path resource [jdbc.properties]
[12:34:16:491] [INFO] [main] - [AbstractUrlHandlerMapping.java : 314] - Mapped URL path [/resources/**] onto handler 'org.springframework.web.servlet.resource.ResourceHttpRequestHandler#0'
[12:34:16:514] [INFO] [main] - [AbstractUrlHandlerMapping.java : 301] - Root mapping to handler of type [class org.springframework.web.servlet.mvc.ParameterizableViewController]
[12:34:16:568] [INFO] [Thread-3] - [AbstractApplicationContext.java : 862] - Closing org.springframework.context.support.GenericApplicationContext@7f0eb4b4: startup date [Sat Jun 02 12:34:14 CST 2018]; root of context hierarchy
[12:34:28:954] [INFO] [main] - [AbstractTestContextBootstrapper.java : 182] - Using TestExecutionListeners: [org.springframework.test.context.web.ServletTestExecutionListener@708f5957, org.springframework.test.context.support.DependencyInjectionTestExecutionListener@68999068, org.springframework.test.context.support.DirtiesContextTestExecutionListener@7722c3c3]
[12:34:29:581] [INFO] [main] - [XmlBeanDefinitionReader.java : 317] - Loading XML bean definitions from URL [file:/Users/lukun/CodeFactory/Life/sms/target/classes/applicationContext.xml]
[12:34:30:470] [INFO] [main] - [XmlBeanDefinitionReader.java : 317] - Loading XML bean definitions from URL [file:/Users/lukun/CodeFactory/Life/sms/target/classes/sms-servlet.xml]
[12:34:30:810] [INFO] [main] - [AbstractApplicationContext.java : 510] - Refreshing org.springframework.context.support.GenericApplicationContext@7f0eb4b4: startup date [Sat Jun 02 12:34:30 CST 2018]; root of context hierarchy
[12:34:31:354] [INFO] [main] - [PropertiesLoaderSupport.java : 172] - Loading properties file from class path resource [system.properties]
[12:34:31:360] [INFO] [main] - [PropertiesLoaderSupport.java : 172] - Loading properties file from class path resource [jdbc.properties]
[12:34:33:730] [INFO] [main] - [AbstractUrlHandlerMapping.java : 314] - Mapped URL path [/resources/**] onto handler 'org.springframework.web.servlet.resource.ResourceHttpRequestHandler#0'
[12:34:33:819] [INFO] [main] - [AbstractUrlHandlerMapping.java : 301] - Root mapping to handler of type [class org.springframework.web.servlet.mvc.ParameterizableViewController]
[12:34:33:910] [INFO] [Thread-3] - [AbstractApplicationContext.java : 862] - Closing org.springframework.context.support.GenericApplicationContext@7f0eb4b4: startup date [Sat Jun 02 12:34:30 CST 2018]; root of context hierarchy
[12:35:29:165] [INFO] [main] - [AbstractTestContextBootstrapper.java : 182] - Using TestExecutionListeners: [org.springframework.test.context.web.ServletTestExecutionListener@708f5957, org.springframework.test.context.support.DependencyInjectionTestExecutionListener@68999068, org.springframework.test.context.support.DirtiesContextTestExecutionListener@7722c3c3]
[12:35:29:844] [INFO] [main] - [XmlBeanDefinitionReader.java : 317] - Loading XML bean definitions from URL [file:/Users/lukun/CodeFactory/Life/sms/target/classes/applicationContext.xml]
[12:35:30:635] [INFO] [main] - [XmlBeanDefinitionReader.java : 317] - Loading XML bean definitions from URL [file:/Users/lukun/CodeFactory/Life/sms/target/classes/sms-servlet.xml]
[12:35:30:909] [INFO] [main] - [AbstractApplicationContext.java : 510] - Refreshing org.springframework.context.support.GenericApplicationContext@7f0eb4b4: startup date [Sat Jun 02 12:35:30 CST 2018]; root of context hierarchy
[12:35:31:798] [INFO] [main] - [PropertiesLoaderSupport.java : 172] - Loading properties file from class path resource [system.properties]
[12:35:31:798] [INFO] [main] - [PropertiesLoaderSupport.java : 172] - Loading properties file from class path resource [jdbc.properties]
[12:35:34:563] [INFO] [main] - [AbstractUrlHandlerMapping.java : 314] - Mapped URL path [/resources/**] onto handler 'org.springframework.web.servlet.resource.ResourceHttpRequestHandler#0'
[12:35:34:606] [INFO] [main] - [AbstractUrlHandlerMapping.java : 301] - Root mapping to handler of type [class org.springframework.web.servlet.mvc.ParameterizableViewController]
[12:35:34:655] [INFO] [Thread-3] - [AbstractApplicationContext.java : 862] - Closing org.springframework.context.support.GenericApplicationContext@7f0eb4b4: startup date [Sat Jun 02 12:35:30 CST 2018]; root of context hierarchy
[12:38:01:949] [INFO] [main] - [AbstractTestContextBootstrapper.java : 182] - Using TestExecutionListeners: [org.springframework.test.context.web.ServletTestExecutionListener@708f5957, org.springframework.test.context.support.DependencyInjectionTestExecutionListener@68999068, org.springframework.test.context.support.DirtiesContextTestExecutionListener@7722c3c3]
[12:38:02:422] [INFO] [main] - [XmlBeanDefinitionReader.java : 317] - Loading XML bean definitions from URL [file:/Users/lukun/CodeFactory/Life/sms/target/classes/applicationContext.xml]
[12:38:03:077] [INFO] [main] - [XmlBeanDefinitionReader.java : 317] - Loading XML bean definitions from URL [file:/Users/lukun/CodeFactory/Life/sms/target/classes/sms-servlet.xml]
[12:38:03:242] [INFO] [main] - [AbstractApplicationContext.java : 510] - Refreshing org.springframework.context.support.GenericApplicationContext@7f0eb4b4: startup date [Sat Jun 02 12:38:03 CST 2018]; root of context hierarchy
[12:38:03:714] [INFO] [main] - [PropertiesLoaderSupport.java : 172] - Loading properties file from class path resource [system.properties]
[12:38:03:717] [INFO] [main] - [PropertiesLoaderSupport.java : 172] - Loading properties file from class path resource [jdbc.properties]
[12:38:05:710] [INFO] [main] - [AbstractUrlHandlerMapping.java : 314] - Mapped URL path [/resources/**] onto handler 'org.springframework.web.servlet.resource.ResourceHttpRequestHandler#0'
[12:38:05:742] [INFO] [main] - [AbstractUrlHandlerMapping.java : 301] - Root mapping to handler of type [class org.springframework.web.servlet.mvc.ParameterizableViewController]
[12:38:06:628] [INFO] [main] - [DruidDataSource.java : 721] - {dataSource-1} inited
[12:38:06:822] [INFO] [Thread-3] - [AbstractApplicationContext.java : 862] - Closing org.springframework.context.support.GenericApplicationContext@7f0eb4b4: startup date [Sat Jun 02 12:38:03 CST 2018]; root of context hierarchy
[12:38:34:851] [INFO] [main] - [AbstractTestContextBootstrapper.java : 182] - Using TestExecutionListeners: [org.springframework.test.context.web.ServletTestExecutionListener@708f5957, org.springframework.test.context.support.DependencyInjectionTestExecutionListener@68999068, org.springframework.test.context.support.DirtiesContextTestExecutionListener@7722c3c3]
[12:38:35:175] [INFO] [main] - [XmlBeanDefinitionReader.java : 317] - Loading XML bean definitions from URL [file:/Users/lukun/CodeFactory/Life/sms/target/classes/applicationContext.xml]
[12:38:35:781] [INFO] [main] - [XmlBeanDefinitionReader.java : 317] - Loading XML bean definitions from URL [file:/Users/lukun/CodeFactory/Life/sms/target/classes/sms-servlet.xml]
[12:38:35:928] [INFO] [main] - [AbstractApplicationContext.java : 510] - Refreshing org.springframework.context.support.GenericApplicationContext@7f0eb4b4: startup date [Sat Jun 02 12:38:35 CST 2018]; root of context hierarchy
[12:38:36:378] [INFO] [main] - [PropertiesLoaderSupport.java : 172] - Loading properties file from class path resource [system.properties]
[12:38:36:379] [INFO] [main] - [PropertiesLoaderSupport.java : 172] - Loading properties file from class path resource [jdbc.properties]
[12:38:37:925] [INFO] [main] - [AbstractUrlHandlerMapping.java : 314] - Mapped URL path [/resources/**] onto handler 'org.springframework.web.servlet.resource.ResourceHttpRequestHandler#0'
[12:38:37:945] [INFO] [main] - [AbstractUrlHandlerMapping.java : 301] - Root mapping to handler of type [class org.springframework.web.servlet.mvc.ParameterizableViewController]
[12:38:38:586] [INFO] [main] - [DruidDataSource.java : 721] - {dataSource-1} inited
[12:38:38:735] [INFO] [main] - [SequenceMapperTest.java : 44] - seq=4
[12:38:38:737] [INFO] [Thread-3] - [AbstractApplicationContext.java : 862] - Closing org.springframework.context.support.GenericApplicationContext@7f0eb4b4: startup date [Sat Jun 02 12:38:35 CST 2018]; root of context hierarchy
[12:38:44:365] [INFO] [main] - [AbstractTestContextBootstrapper.java : 182] - Using TestExecutionListeners: [org.springframework.test.context.web.ServletTestExecutionListener@708f5957, org.springframework.test.context.support.DependencyInjectionTestExecutionListener@68999068, org.springframework.test.context.support.DirtiesContextTestExecutionListener@7722c3c3]
[12:38:44:609] [INFO] [main] - [XmlBeanDefinitionReader.java : 317] - Loading XML bean definitions from URL [file:/Users/lukun/CodeFactory/Life/sms/target/classes/applicationContext.xml]
[12:38:45:277] [INFO] [main] - [XmlBeanDefinitionReader.java : 317] - Loading XML bean definitions from URL [file:/Users/lukun/CodeFactory/Life/sms/target/classes/sms-servlet.xml]
[12:38:45:454] [INFO] [main] - [AbstractApplicationContext.java : 510] - Refreshing org.springframework.context.support.GenericApplicationContext@7f0eb4b4: startup date [Sat Jun 02 12:38:45 CST 2018]; root of context hierarchy
[12:38:45:795] [INFO] [main] - [PropertiesLoaderSupport.java : 172] - Loading properties file from class path resource [system.properties]
[12:38:45:796] [INFO] [main] - [PropertiesLoaderSupport.java : 172] - Loading properties file from class path resource [jdbc.properties]
[12:38:47:165] [INFO] [main] - [AbstractUrlHandlerMapping.java : 314] - Mapped URL path [/resources/**] onto handler 'org.springframework.web.servlet.resource.ResourceHttpRequestHandler#0'
[12:38:47:185] [INFO] [main] - [AbstractUrlHandlerMapping.java : 301] - Root mapping to handler of type [class org.springframework.web.servlet.mvc.ParameterizableViewController]
[12:38:47:799] [INFO] [main] - [DruidDataSource.java : 721] - {dataSource-1} inited
[12:38:47:971] [INFO] [main] - [SequenceMapperTest.java : 44] - seq=5
[12:38:47:973] [INFO] [Thread-3] - [AbstractApplicationContext.java : 862] - Closing org.springframework.context.support.GenericApplicationContext@7f0eb4b4: startup date [Sat Jun 02 12:38:45 CST 2018]; root of context hierarchy
[12:39:50:252] [INFO] [main] - [AbstractTestContextBootstrapper.java : 182] - Using TestExecutionListeners: [org.springframework.test.context.web.ServletTestExecutionListener@708f5957, org.springframework.test.context.support.DependencyInjectionTestExecutionListener@68999068, org.springframework.test.context.support.DirtiesContextTestExecutionListener@7722c3c3]
[12:39:50:554] [INFO] [main] - [XmlBeanDefinitionReader.java : 317] - Loading XML bean definitions from URL [file:/Users/lukun/CodeFactory/Life/sms/target/classes/applicationContext.xml]
[12:39:51:195] [INFO] [main] - [XmlBeanDefinitionReader.java : 317] - Loading XML bean definitions from URL [file:/Users/lukun/CodeFactory/Life/sms/target/classes/sms-servlet.xml]
[12:39:51:422] [INFO] [main] - [AbstractApplicationContext.java : 510] - Refreshing org.springframework.context.support.GenericApplicationContext@7f0eb4b4: startup date [Sat Jun 02 12:39:51 CST 2018]; root of context hierarchy
[12:39:51:898] [INFO] [main] - [PropertiesLoaderSupport.java : 172] - Loading properties file from class path resource [system.properties]
[12:39:51:898] [INFO] [main] - [PropertiesLoaderSupport.java : 172] - Loading properties file from class path resource [jdbc.properties]
[12:39:53:481] [INFO] [main] - [AbstractUrlHandlerMapping.java : 314] - Mapped URL path [/resources/**] onto handler 'org.springframework.web.servlet.resource.ResourceHttpRequestHandler#0'
[12:39:53:496] [INFO] [main] - [AbstractUrlHandlerMapping.java : 301] - Root mapping to handler of type [class org.springframework.web.servlet.mvc.ParameterizableViewController]
[12:39:54:127] [INFO] [main] - [DruidDataSource.java : 721] - {dataSource-1} inited
[12:39:54:250] [INFO] [main] - [SequenceMapperTest.java : 44] - seq=0
[12:39:54:261] [INFO] [Thread-3] - [AbstractApplicationContext.java : 862] - Closing org.springframework.context.support.GenericApplicationContext@7f0eb4b4: startup date [Sat Jun 02 12:39:51 CST 2018]; root of context hierarchy
[12:40:09:551] [INFO] [main] - [AbstractTestContextBootstrapper.java : 182] - Using TestExecutionListeners: [org.springframework.test.context.web.ServletTestExecutionListener@708f5957, org.springframework.test.context.support.DependencyInjectionTestExecutionListener@68999068, org.springframework.test.context.support.DirtiesContextTestExecutionListener@7722c3c3]
[12:40:09:915] [INFO] [main] - [XmlBeanDefinitionReader.java : 317] - Loading XML bean definitions from URL [file:/Users/lukun/CodeFactory/Life/sms/target/classes/applicationContext.xml]
[12:40:10:787] [INFO] [main] - [XmlBeanDefinitionReader.java : 317] - Loading XML bean definitions from URL [file:/Users/lukun/CodeFactory/Life/sms/target/classes/sms-servlet.xml]
[12:40:10:966] [INFO] [main] - [AbstractApplicationContext.java : 510] - Refreshing org.springframework.context.support.GenericApplicationContext@7f0eb4b4: startup date [Sat Jun 02 12:40:10 CST 2018]; root of context hierarchy
[12:40:11:606] [INFO] [main] - [PropertiesLoaderSupport.java : 172] - Loading properties file from class path resource [system.properties]
[12:40:11:618] [INFO] [main] - [PropertiesLoaderSupport.java : 172] - Loading properties file from class path resource [jdbc.properties]
[12:40:13:954] [INFO] [main] - [AbstractUrlHandlerMapping.java : 314] - Mapped URL path [/resources/**] onto handler 'org.springframework.web.servlet.resource.ResourceHttpRequestHandler#0'
[12:40:13:982] [INFO] [main] - [AbstractUrlHandlerMapping.java : 301] - Root mapping to handler of type [class org.springframework.web.servlet.mvc.ParameterizableViewController]
[12:40:15:258] [INFO] [main] - [DruidDataSource.java : 721] - {dataSource-1} inited
[12:40:15:623] [INFO] [main] - [SequenceMapperTest.java : 44] - seq=0
[12:40:15:636] [INFO] [Thread-3] - [AbstractApplicationContext.java : 862] - Closing org.springframework.context.support.GenericApplicationContext@7f0eb4b4: startup date [Sat Jun 02 12:40:10 CST 2018]; root of context hierarchy
[12:40:23:798] [INFO] [main] - [AbstractTestContextBootstrapper.java : 182] - Using TestExecutionListeners: [org.springframework.test.context.web.ServletTestExecutionListener@708f5957, org.springframework.test.context.support.DependencyInjectionTestExecutionListener@68999068, org.springframework.test.context.support.DirtiesContextTestExecutionListener@7722c3c3]
[12:40:24:186] [INFO] [main] - [XmlBeanDefinitionReader.java : 317] - Loading XML bean definitions from URL [file:/Users/lukun/CodeFactory/Life/sms/target/classes/applicationContext.xml]
[12:40:24:970] [INFO] [main] - [XmlBeanDefinitionReader.java : 317] - Loading XML bean definitions from URL [file:/Users/lukun/CodeFactory/Life/sms/target/classes/sms-servlet.xml]
[12:40:25:347] [INFO] [main] - [AbstractApplicationContext.java : 510] - Refreshing org.springframework.context.support.GenericApplicationContext@7f0eb4b4: startup date [Sat Jun 02 12:40:25 CST 2018]; root of context hierarchy
[12:40:25:785] [INFO] [main] - [PropertiesLoaderSupport.java : 172] - Loading properties file from class path resource [system.properties]
[12:40:25:785] [INFO] [main] - [PropertiesLoaderSupport.java : 172] - Loading properties file from class path resource [jdbc.properties]
[12:40:28:042] [INFO] [main] - [AbstractUrlHandlerMapping.java : 314] - Mapped URL path [/resources/**] onto handler 'org.springframework.web.servlet.resource.ResourceHttpRequestHandler#0'
[12:40:28:068] [INFO] [main] - [AbstractUrlHandlerMapping.java : 301] - Root mapping to handler of type [class org.springframework.web.servlet.mvc.ParameterizableViewController]
[12:40:29:094] [INFO] [main] - [DruidDataSource.java : 721] - {dataSource-1} inited
[12:40:29:274] [INFO] [main] - [SequenceMapperTest.java : 44] - seq=6
[12:40:29:278] [INFO] [Thread-3] - [AbstractApplicationContext.java : 862] - Closing org.springframework.context.support.GenericApplicationContext@7f0eb4b4: startup date [Sat Jun 02 12:40:25 CST 2018]; root of context hierarchy
[12:40:34:962] [INFO] [main] - [AbstractTestContextBootstrapper.java : 182] - Using TestExecutionListeners: [org.springframework.test.context.web.ServletTestExecutionListener@708f5957, org.springframework.test.context.support.DependencyInjectionTestExecutionListener@68999068, org.springframework.test.context.support.DirtiesContextTestExecutionListener@7722c3c3]
[12:40:35:343] [INFO] [main] - [XmlBeanDefinitionReader.java : 317] - Loading XML bean definitions from URL [file:/Users/lukun/CodeFactory/Life/sms/target/classes/applicationContext.xml]
[12:40:36:047] [INFO] [main] - [XmlBeanDefinitionReader.java : 317] - Loading XML bean definitions from URL [file:/Users/lukun/CodeFactory/Life/sms/target/classes/sms-servlet.xml]
[12:40:36:233] [INFO] [main] - [AbstractApplicationContext.java : 510] - Refreshing org.springframework.context.support.GenericApplicationContext@7f0eb4b4: startup date [Sat Jun 02 12:40:36 CST 2018]; root of context hierarchy
[12:40:36:762] [INFO] [main] - [PropertiesLoaderSupport.java : 172] - Loading properties file from class path resource [system.properties]
[12:40:36:763] [INFO] [main] - [PropertiesLoaderSupport.java : 172] - Loading properties file from class path resource [jdbc.properties]
[12:40:38:805] [INFO] [main] - [AbstractUrlHandlerMapping.java : 314] - Mapped URL path [/resources/**] onto handler 'org.springframework.web.servlet.resource.ResourceHttpRequestHandler#0'
[12:40:38:838] [INFO] [main] - [AbstractUrlHandlerMapping.java : 301] - Root mapping to handler of type [class org.springframework.web.servlet.mvc.ParameterizableViewController]
[12:40:39:688] [INFO] [main] - [DruidDataSource.java : 721] - {dataSource-1} inited
[12:40:39:837] [INFO] [main] - [SequenceMapperTest.java : 44] - seq=7
[12:40:39:841] [INFO] [Thread-3] - [AbstractApplicationContext.java : 862] - Closing org.springframework.context.support.GenericApplicationContext@7f0eb4b4: startup date [Sat Jun 02 12:40:36 CST 2018]; root of context hierarchy
